<?xml version="1.0" encoding="UTF-8"?>
<testsuite xmlns:xsi="http://www.w3.org/2001/XMLSchema-instance" xsi:noNamespaceSchemaLocation="https://maven.apache.org/surefire/maven-surefire-plugin/xsd/surefire-test-report.xsd" name="com.nice.coday.ElectricityConsumptionCalculatorTest" time="0.939" tests="7" errors="0" skipped="0" failures="4">
  <properties>
[...]
</properties>
  <testcase name="test1" classname="com.nice.coday.ElectricityConsumptionCalculatorTest" time="0.089"/>
  <testcase name="test2" classname="com.nice.coday.ElectricityConsumptionCalculatorTest" time="0.007">
    <failure message="expected:&lt;3972.0&gt; but was:&lt;3951.2309706959704&gt;" type="java.lang.AssertionError"><![CDATA[java.lang.AssertionError: expected:<3972.0> but was:<3951.2309706959704>
	at com.nice.coday.ElectricityConsumptionCalculatorTest.test2(ElectricityConsumptionCalculatorTest.java:97)
]]></failure>
  </testcase>
  <testcase name="test3" classname="com.nice.coday.ElectricityConsumptionCalculatorTest" time="0.002"/>
  <testcase name="test4" classname="com.nice.coday.ElectricityConsumptionCalculatorTest" time="0.003"/>
  <testcase name="test5" classname="com.nice.coday.ElectricityConsumptionCalculatorTest" time="0.043">
    <failure message="expected:&lt;351797.0&gt; but was:&lt;351167.4292672342&gt;" type="java.lang.AssertionError"><![CDATA[java.lang.AssertionError: expected:<351797.0> but was:<351167.4292672342>
	at com.nice.coday.ElectricityConsumptionCalculatorTest.test5(ElectricityConsumptionCalculatorTest.java:201)
]]></failure>
  </testcase>
  <testcase name="test6" classname="com.nice.coday.ElectricityConsumptionCalculatorTest" time="0.141">
    <failure message="expected:&lt;2741580.0&gt; but was:&lt;2725537.5304341875&gt;" type="java.lang.AssertionError"><![CDATA[java.lang.AssertionError: expected:<2741580.0> but was:<2725537.5304341875>
	at com.nice.coday.ElectricityConsumptionCalculatorTest.test6(ElectricityConsumptionCalculatorTest.java:241)
]]></failure>
    <system-out><![CDATA[actualTotalUnitsConsumed : 2725537.5304341875
]]></system-out>
  </testcase>
  <testcase name="test7" classname="com.nice.coday.ElectricityConsumptionCalculatorTest" time="0.621">
    <failure message="expected:&lt;1.2823458E7&gt; but was:&lt;1.2757125100605391E7&gt;" type="java.lang.AssertionError"><![CDATA[java.lang.AssertionError: expected:<1.2823458E7> but was:<1.2757125100605391E7>
	at com.nice.coday.ElectricityConsumptionCalculatorTest.test7(ElectricityConsumptionCalculatorTest.java:285)
]]></failure>
  </testcase>
</testsuite>